####################################
####RNA CANCER CLASSIFIER OUTPUT####
####################################

Input file: example_train.csv
Upper bound on inputs: 10
Upper bound on gates: 6
Gate types:
Type  1
LowerBoundNeg :  0
UpperBoundPos :  3
UpperBoundOcc :  2
UpperBoundNeg :  0
LowerBoundPos :  0
Type  2
LowerBoundNeg :  0
UpperBoundPos :  0
UpperBoundOcc :  4
UpperBoundNeg :  1
LowerBoundPos :  0
Efficiency constraints: 0
Optimization strategy: 1 (minimize number of inputs then minimize number of gates)
miRNAs:  65
samples: 160

created: example_train.asp

############################################
############TRAINING CLASSIFIERS############
############################################

Progress...
Trying: FP:  0  FN:  0  SUM: 0
Solutions found for: FP:  0  FN:  0  SUM: 0
Trying: FP:  0  FN:  1  SUM: 1
Solutions found for: FP:  0  FN:  1  SUM: 1
Trying: FP:  1  FN:  0  SUM: 1
Solutions found for: FP:  1  FN:  0  SUM: 1
Trying: FP:  1  FN:  1  SUM: 2
Solutions found for: FP:  1  FN:  1  SUM: 2

Collecting answers finished.

PRINTING RESULTS:

##SUM:  0 ##
FP:  0 FN:  0
Number of solutions:  1
gate_input(1,positive,g34) 

##SUM:  1 ##
FP:  0 FN:  1
Number of solutions:  3
gate_input(1,negative,g56) 
gate_input(1,positive,g34) 
gate_input(1,negative,g86) 

##SUM:  1 ##
FP:  1 FN:  0
Number of solutions:  2
gate_input(1,negative,g89) 
gate_input(1,positive,g34) 

##SUM:  2 ##
FP:  1 FN:  1
Number of solutions:  4
gate_input(1,negative,g56) 
gate_input(1,negative,g89) 
gate_input(1,positive,g34) 
gate_input(1,negative,g86) 


##############################################
############FINDING BEST SOLUTIONS############
##############################################

##SUM:  0 ##
FP:  0 FN:  0
Number of solutions:  1
gate_input(1,positive,g34) 


###################################################
############FILTERING ACCORDING TO SIZE############
###################################################

##SUM:  0 ##
FP:  0 FN:  0
gate_input(1,positive,g34) 


####################################################
############REMOVING SYMMETRIC SOLUTIONS############
####################################################

Number of solutions before filtering:  1
Number of solutions after filtering:  1

##SUM:  0 ##
FP:  0 FN:  0
gate_input(1,positive,g34) 


###########################################
############TESTING CLASSIFIERS############
###########################################

SOLUTION  1
##SUM:  0 ##
FP:  0 FN:  0
TRAIN BACC:  1.0
gate_input(1,positive,g34) 
FP:  0  FN:  0
TEST BACC:  1.0

###FEATURE FREQUENCY ANALYSIS###
TOTAL VALUES
NUMBER OF FEATURES IN ALL SOLUTIONS IN TOTAL:  1
POSITIVE FEATURES: 
g34 :  1
NEGATIVE FEATURES: 

RELATIVE FREQUENCY
g34 :  1.0
POSITIVE FEATURES: 
g34 :  1.0
NEGATIVE FEATURES: 


###################################
############AVG RESULTS############
###################################

AVG TRAIN BACC:  1.0
STD TRAIN BACC:  0.0
AVG TEST BACC:  1.0
STD TEST BACC:  0.0
TEST TPR:  1.0
TEST TNR:  1.0
AVG SIZE:  1.0


CSV ; 1.0 ; 0.0 ; 1.0 ; 0.0 ; 1.0 ; 1.0 ; 1.0
TRAINING TIME:  1.3383314609527588
